------------------------------------------------------------------------------------------------------------------------

[2026-05-11 12:01:30 #1 store] 
Database 'C:\Users\zubil\OneDrive\Escritorio\universidad\ISpro2\Market26\Market26\src\main\resources\products.temp' is opened by 28008@Zubi99

[2026-05-11 12:01:30 #2 type.registry] 
New type domain.Seller

[2026-05-11 12:01:30 #3 type] 
Type domain.Seller is not enhanced.

[2026-05-11 12:01:30 #4 type.registry] 
New type domain.Sale

[2026-05-11 12:01:30 #5 type] 
Type domain.Sale is not enhanced.

[2026-05-11 12:01:30 #6 type.registry] 
New type java.util.ArrayList<java.lang.Object>

[2026-05-11 12:01:30 #7 type.registry] 
New type java.util.ArrayList<domain.Sale>

------------------------------------------------------------------------------------------------------------------------

[2026-05-11 12:15:05 #1 store] 
Database 'C:\Users\zubil\OneDrive\Escritorio\universidad\ISpro2\Market26\Market26\src\main\resources\products.temp' is opened by 36472@Zubi99

[2026-05-11 12:15:05 #2 type.registry] 
New type domain.Seller

[2026-05-11 12:15:05 #3 type] 
Type domain.Seller is not enhanced.

[2026-05-11 12:15:05 #4 type.registry] 
New type domain.Sale

[2026-05-11 12:15:05 #5 type] 
Type domain.Sale is not enhanced.

[2026-05-11 12:15:05 #6 type.registry] 
New type java.util.ArrayList<java.lang.Object>

[2026-05-11 12:15:05 #7 type.registry] 
New type java.util.ArrayList<domain.Sale>

[2026-05-11 12:15:06 #8 type.registry] 
New type domain.Persona

[2026-05-11 12:15:06 #9 type.registry] 
New type domain.Cardenal

[2026-05-11 12:15:06 #10 type] 
Type domain.Persona is not enhanced.

[2026-05-11 12:15:06 #11 type] 
Type domain.Cardenal is not enhanced.

------------------------------------------------------------------------------------------------------------------------

[2026-05-11 12:30:51 #1 store] 
Database 'C:\Users\zubil\OneDrive\Escritorio\universidad\ISpro2\Market26\Market26\src\main\resources\products.temp' is opened by 16680@Zubi99

[2026-05-11 12:30:51 #2 type.registry] 
New type domain.Seller

[2026-05-11 12:30:51 #3 type] 
Type domain.Seller is not enhanced.

[2026-05-11 12:30:51 #4 type.registry] 
New type domain.Sale

[2026-05-11 12:30:51 #5 type] 
Type domain.Sale is not enhanced.

[2026-05-11 12:30:51 #6 type.registry] 
New type domain.Persona

[2026-05-11 12:30:51 #7 type.registry] 
New type domain.Cardenal

[2026-05-11 12:30:51 #8 type] 
Type domain.Persona is not enhanced.

[2026-05-11 12:30:51 #9 type] 
Type domain.Cardenal is not enhanced.

[2026-05-11 12:30:51 #10 type.registry] 
New type java.util.ArrayList<java.lang.Object>

[2026-05-11 12:30:51 #11 type.registry] 
New type java.util.ArrayList<domain.Sale>

------------------------------------------------------------------------------------------------------------------------

[2026-05-11 12:34:18 #1 store] 
Database 'C:\Users\zubil\OneDrive\Escritorio\universidad\ISpro2\Market26\Market26\src\main\resources\products.temp' is opened by 35584@Zubi99

[2026-05-11 12:34:18 #2 type.registry] 
New type domain.Seller

[2026-05-11 12:34:18 #3 type] 
Type domain.Seller is not enhanced.

[2026-05-11 12:34:18 #4 type.registry] 
New type domain.Sale

[2026-05-11 12:34:18 #5 type] 
Type domain.Sale is not enhanced.

[2026-05-11 12:34:18 #6 type.registry] 
New type domain.Persona

[2026-05-11 12:34:18 #7 type.registry] 
New type domain.Cardenal

[2026-05-11 12:34:18 #8 type] 
Type domain.Persona is not enhanced.

[2026-05-11 12:34:18 #9 type] 
Type domain.Cardenal is not enhanced.

[2026-05-11 12:34:18 #10 type.registry] 
New type java.util.ArrayList<java.lang.Object>

[2026-05-11 12:34:18 #11 type.registry] 
New type java.util.ArrayList<domain.Sale>

------------------------------------------------------------------------------------------------------------------------

[2026-05-11 13:14:00 #1 store] 
Database 'C:\Users\zubil\OneDrive\Escritorio\universidad\ISpro2\Market26\Market26\src\main\resources\products.temp' is opened by 15840@Zubi99

[2026-05-11 13:14:00 #2 type.registry] 
New type domain.Seller

[2026-05-11 13:14:00 #3 type] 
Type domain.Seller is not enhanced.

[2026-05-11 13:14:00 #4 type.registry] 
New type domain.Sale

[2026-05-11 13:14:00 #5 type] 
Type domain.Sale is not enhanced.

[2026-05-11 13:14:00 #6 type.registry] 
New type domain.Persona

[2026-05-11 13:14:00 #7 type.registry] 
New type domain.Cardenal

[2026-05-11 13:14:00 #8 type] 
Type domain.Persona is not enhanced.

[2026-05-11 13:14:00 #9 type] 
Type domain.Cardenal is not enhanced.

[2026-05-11 13:14:00 #10 type.registry] 
New type java.util.ArrayList<java.lang.Object>

[2026-05-11 13:14:00 #11 type.registry] 
New type java.util.ArrayList<domain.Sale>

------------------------------------------------------------------------------------------------------------------------

[2026-05-11 13:33:44 #1 store] 
Database 'C:\Users\zubil\OneDrive\Escritorio\universidad\ISpro2\Market26\Market26\src\main\resources\products.temp' is opened by 24260@Zubi99

[2026-05-11 13:33:44 #2 type.registry] 
New type domain.Seller

[2026-05-11 13:33:44 #3 type] 
Type domain.Seller is not enhanced.

[2026-05-11 13:33:44 #4 type.registry] 
New type domain.Sale

[2026-05-11 13:33:44 #5 type] 
Type domain.Sale is not enhanced.

[2026-05-11 13:33:44 #6 type.registry] 
New type domain.Persona

[2026-05-11 13:33:44 #7 type.registry] 
New type domain.Cardenal

[2026-05-11 13:33:44 #8 type] 
Type domain.Persona is not enhanced.

[2026-05-11 13:33:44 #9 type] 
Type domain.Cardenal is not enhanced.

[2026-05-11 13:33:44 #10 type.registry] 
New type java.util.ArrayList<java.lang.Object>

[2026-05-11 13:33:44 #11 type.registry] 
New type java.util.ArrayList<domain.Sale>

------------------------------------------------------------------------------------------------------------------------

[2026-05-11 13:50:27 #1 store] 
Database 'C:\Users\zubil\OneDrive\Escritorio\universidad\ISpro2\Market26\Market26\src\main\resources\products.temp' is opened by 33056@Zubi99

[2026-05-11 13:50:28 #2 type.registry] 
New type domain.Seller

[2026-05-11 13:50:28 #3 type] 
Type domain.Seller is not enhanced.

[2026-05-11 13:50:28 #4 type.registry] 
New type domain.Sale

[2026-05-11 13:50:28 #5 type] 
Type domain.Sale is not enhanced.

[2026-05-11 13:50:28 #6 type.registry] 
New type domain.Persona

[2026-05-11 13:50:28 #7 type.registry] 
New type domain.Cardenal

[2026-05-11 13:50:28 #8 type] 
Type domain.Persona is not enhanced.

[2026-05-11 13:50:28 #9 type] 
Type domain.Cardenal is not enhanced.

[2026-05-11 13:50:28 #10 type.registry] 
New type java.util.ArrayList<java.lang.Object>

[2026-05-11 13:50:28 #11 type.registry] 
New type java.util.ArrayList<domain.Sale>

------------------------------------------------------------------------------------------------------------------------

[2026-05-11 13:54:44 #1 store] 
Database 'C:\Users\zubil\OneDrive\Escritorio\universidad\ISpro2\Market26\Market26\src\main\resources\products.temp' is opened by 6612@Zubi99

[2026-05-11 13:54:44 #2 type.registry] 
New type domain.Seller

[2026-05-11 13:54:44 #3 type] 
Type domain.Seller is not enhanced.

[2026-05-11 13:54:44 #4 type.registry] 
New type domain.Sale

[2026-05-11 13:54:44 #5 type] 
Type domain.Sale is not enhanced.

[2026-05-11 13:54:44 #6 type.registry] 
New type domain.Persona

[2026-05-11 13:54:44 #7 type.registry] 
New type domain.Cardenal

[2026-05-11 13:54:44 #8 type] 
Type domain.Persona is not enhanced.

[2026-05-11 13:54:44 #9 type] 
Type domain.Cardenal is not enhanced.

[2026-05-11 13:54:44 #10 type.registry] 
New type java.util.ArrayList<java.lang.Object>

[2026-05-11 13:54:44 #11 type.registry] 
New type java.util.ArrayList<domain.Sale>

------------------------------------------------------------------------------------------------------------------------

[2026-05-11 13:56:05 #1 store] 
Database 'C:\Users\zubil\OneDrive\Escritorio\universidad\ISpro2\Market26\Market26\src\main\resources\products.temp' is opened by 35528@Zubi99

[2026-05-11 13:56:05 #2 type.registry] 
New type domain.Seller

[2026-05-11 13:56:05 #3 type] 
Type domain.Seller is not enhanced.

[2026-05-11 13:56:05 #4 type.registry] 
New type domain.Sale

[2026-05-11 13:56:05 #5 type] 
Type domain.Sale is not enhanced.

[2026-05-11 13:56:05 #6 type.registry] 
New type domain.Persona

[2026-05-11 13:56:05 #7 type.registry] 
New type domain.Cardenal

[2026-05-11 13:56:05 #8 type] 
Type domain.Persona is not enhanced.

[2026-05-11 13:56:05 #9 type] 
Type domain.Cardenal is not enhanced.

[2026-05-11 13:56:05 #10 type.registry] 
New type java.util.ArrayList<java.lang.Object>

[2026-05-11 13:56:05 #11 type.registry] 
New type java.util.ArrayList<domain.Sale>

[2026-05-11 13:56:27 #12 type.registry] 
New type domain.Conclave

[2026-05-11 13:56:27 #13 type] 
Type domain.Conclave is not enhanced.

[2026-05-11 13:56:27 #14 type.registry] 
New type domain.Papa

[2026-05-11 13:56:27 #15 type.registry] 
New type domain.Votacion

[2026-05-11 13:56:27 #16 type] 
Type domain.Papa is not enhanced.

[2026-05-11 13:56:27 #17 type] 
Type domain.Votacion is not enhanced.

[2026-05-11 13:56:27 #18 type.registry] 
New type java.util.HashMap<java.lang.String,java.lang.Integer>

[2026-05-11 13:56:27 #19 type.registry] 
New type java.util.ArrayList<domain.Cardenal>

[2026-05-11 13:56:27 #20 type.registry] 
New type java.util.ArrayList<domain.Votacion>

------------------------------------------------------------------------------------------------------------------------

[2026-05-11 13:57:17 #1 store] 
Database 'C:\Users\zubil\OneDrive\Escritorio\universidad\ISpro2\Market26\Market26\src\main\resources\products.temp' is opened by 29888@Zubi99

[2026-05-11 13:57:17 #2 type.registry] 
New type domain.Seller

[2026-05-11 13:57:17 #3 type] 
Type domain.Seller is not enhanced.

[2026-05-11 13:57:17 #4 type.registry] 
New type domain.Sale

[2026-05-11 13:57:17 #5 type] 
Type domain.Sale is not enhanced.

[2026-05-11 13:57:17 #6 type.registry] 
New type domain.Persona

[2026-05-11 13:57:17 #7 type.registry] 
New type domain.Cardenal

[2026-05-11 13:57:17 #8 type] 
Type domain.Persona is not enhanced.

[2026-05-11 13:57:17 #9 type] 
Type domain.Cardenal is not enhanced.

[2026-05-11 13:57:17 #10 type.registry] 
New type java.util.ArrayList<java.lang.Object>

[2026-05-11 13:57:17 #11 type.registry] 
New type java.util.ArrayList<domain.Sale>

[2026-05-11 13:57:22 #12 type.registry] 
New type domain.Conclave

[2026-05-11 13:57:22 #13 type] 
Type domain.Conclave is not enhanced.

[2026-05-11 13:57:22 #14 type.registry] 
New type domain.Papa

[2026-05-11 13:57:22 #15 type.registry] 
New type domain.Votacion

[2026-05-11 13:57:22 #16 type] 
Type domain.Papa is not enhanced.

[2026-05-11 13:57:22 #17 type] 
Type domain.Votacion is not enhanced.

[2026-05-11 13:57:22 #18 type.registry] 
New type java.util.HashMap<java.lang.String,java.lang.Integer>

[2026-05-11 13:57:22 #19 type.registry] 
New type java.util.ArrayList<domain.Cardenal>

[2026-05-11 13:57:22 #20 type.registry] 
New type java.util.ArrayList<domain.Votacion>

------------------------------------------------------------------------------------------------------------------------

[2026-05-11 13:58:24 #1 store] 
Database 'C:\Users\zubil\OneDrive\Escritorio\universidad\ISpro2\Market26\Market26\src\main\resources\products.temp' is opened by 23344@Zubi99

[2026-05-11 13:58:25 #2 type.registry] 
New type domain.Seller

[2026-05-11 13:58:25 #3 type] 
Type domain.Seller is not enhanced.

[2026-05-11 13:58:25 #4 type.registry] 
New type domain.Sale

[2026-05-11 13:58:25 #5 type] 
Type domain.Sale is not enhanced.

[2026-05-11 13:58:25 #6 type.registry] 
New type domain.Persona

[2026-05-11 13:58:25 #7 type.registry] 
New type domain.Cardenal

[2026-05-11 13:58:25 #8 type] 
Type domain.Persona is not enhanced.

[2026-05-11 13:58:25 #9 type] 
Type domain.Cardenal is not enhanced.

[2026-05-11 13:58:25 #10 type.registry] 
New type java.util.ArrayList<java.lang.Object>

[2026-05-11 13:58:25 #11 type.registry] 
New type java.util.ArrayList<domain.Sale>

[2026-05-11 13:58:37 #12 type.registry] 
New type domain.Conclave

[2026-05-11 13:58:37 #13 type] 
Type domain.Conclave is not enhanced.

[2026-05-11 13:58:37 #14 type.registry] 
New type domain.Papa

[2026-05-11 13:58:37 #15 type.registry] 
New type domain.Votacion

[2026-05-11 13:58:37 #16 type] 
Type domain.Papa is not enhanced.

[2026-05-11 13:58:37 #17 type] 
Type domain.Votacion is not enhanced.

[2026-05-11 13:58:37 #18 type.registry] 
New type java.util.HashMap<java.lang.String,java.lang.Integer>

[2026-05-11 13:58:37 #19 type.registry] 
New type java.util.ArrayList<domain.Cardenal>

[2026-05-11 13:58:37 #20 type.registry] 
New type java.util.ArrayList<domain.Votacion>

------------------------------------------------------------------------------------------------------------------------

[2026-05-11 13:59:20 #1 store] 
Database 'C:\Users\zubil\OneDrive\Escritorio\universidad\ISpro2\Market26\Market26\src\main\resources\products.temp' is opened by 11564@Zubi99

[2026-05-11 13:59:20 #2 type.registry] 
New type domain.Seller

[2026-05-11 13:59:20 #3 type] 
Type domain.Seller is not enhanced.

[2026-05-11 13:59:20 #4 type.registry] 
New type domain.Sale

[2026-05-11 13:59:20 #5 type] 
Type domain.Sale is not enhanced.

[2026-05-11 13:59:20 #6 type.registry] 
New type domain.Persona

[2026-05-11 13:59:20 #7 type.registry] 
New type domain.Cardenal

[2026-05-11 13:59:20 #8 type] 
Type domain.Persona is not enhanced.

[2026-05-11 13:59:20 #9 type] 
Type domain.Cardenal is not enhanced.

[2026-05-11 13:59:20 #10 type.registry] 
New type java.util.ArrayList<java.lang.Object>

[2026-05-11 13:59:20 #11 type.registry] 
New type java.util.ArrayList<domain.Sale>

[2026-05-11 13:59:32 #12 type.registry] 
New type domain.Conclave

[2026-05-11 13:59:32 #13 type] 
Type domain.Conclave is not enhanced.

[2026-05-11 13:59:32 #14 type.registry] 
New type domain.Papa

[2026-05-11 13:59:32 #15 type.registry] 
New type domain.Votacion

[2026-05-11 13:59:32 #16 type] 
Type domain.Papa is not enhanced.

[2026-05-11 13:59:32 #17 type] 
Type domain.Votacion is not enhanced.

[2026-05-11 13:59:32 #18 type.registry] 
New type java.util.HashMap<java.lang.String,java.lang.Integer>

[2026-05-11 13:59:32 #19 type.registry] 
New type java.util.ArrayList<domain.Cardenal>

[2026-05-11 13:59:32 #20 type.registry] 
New type java.util.ArrayList<domain.Votacion>

------------------------------------------------------------------------------------------------------------------------

[2026-05-11 14:00:50 #1 store] 
Database 'C:\Users\zubil\OneDrive\Escritorio\universidad\ISpro2\Market26\Market26\src\main\resources\products.temp' is opened by 15204@Zubi99

[2026-05-11 14:00:51 #2 type.registry] 
New type domain.Seller

[2026-05-11 14:00:51 #3 type] 
Type domain.Seller is not enhanced.

[2026-05-11 14:00:51 #4 type.registry] 
New type domain.Sale

[2026-05-11 14:00:51 #5 type] 
Type domain.Sale is not enhanced.

[2026-05-11 14:00:51 #6 type.registry] 
New type domain.Persona

[2026-05-11 14:00:51 #7 type.registry] 
New type domain.Cardenal

[2026-05-11 14:00:51 #8 type] 
Type domain.Persona is not enhanced.

[2026-05-11 14:00:51 #9 type] 
Type domain.Cardenal is not enhanced.

[2026-05-11 14:00:51 #10 type.registry] 
New type java.util.ArrayList<java.lang.Object>

[2026-05-11 14:00:51 #11 type.registry] 
New type java.util.ArrayList<domain.Sale>

[2026-05-11 14:00:56 #12 type.registry] 
New type domain.Conclave

[2026-05-11 14:00:56 #13 type] 
Type domain.Conclave is not enhanced.

[2026-05-11 14:00:56 #14 type.registry] 
New type domain.Papa

[2026-05-11 14:00:56 #15 type.registry] 
New type domain.Votacion

[2026-05-11 14:00:56 #16 type] 
Type domain.Papa is not enhanced.

[2026-05-11 14:00:56 #17 type] 
Type domain.Votacion is not enhanced.

[2026-05-11 14:00:56 #18 type.registry] 
New type java.util.HashMap<java.lang.String,java.lang.Integer>

[2026-05-11 14:00:56 #19 type.registry] 
New type java.util.ArrayList<domain.Cardenal>

[2026-05-11 14:00:56 #20 type.registry] 
New type java.util.ArrayList<domain.Votacion>

------------------------------------------------------------------------------------------------------------------------

[2026-05-11 14:04:10 #1 store] 
Database 'C:\Users\zubil\OneDrive\Escritorio\universidad\ISpro2\Market26\Market26\src\main\resources\products.temp' is opened by 31776@Zubi99

[2026-05-11 14:04:11 #2 type.registry] 
New type domain.Seller

[2026-05-11 14:04:11 #3 type] 
Type domain.Seller is not enhanced.

[2026-05-11 14:04:11 #4 type.registry] 
New type domain.Sale

[2026-05-11 14:04:11 #5 type] 
Type domain.Sale is not enhanced.

[2026-05-11 14:04:11 #6 type.registry] 
New type domain.Persona

[2026-05-11 14:04:11 #7 type.registry] 
New type domain.Cardenal

[2026-05-11 14:04:11 #8 type] 
Type domain.Persona is not enhanced.

[2026-05-11 14:04:11 #9 type] 
Type domain.Cardenal is not enhanced.

[2026-05-11 14:04:11 #10 type.registry] 
New type java.util.ArrayList<java.lang.Object>

[2026-05-11 14:04:11 #11 type.registry] 
New type java.util.ArrayList<domain.Sale>

[2026-05-11 14:04:15 #12 type.registry] 
New type domain.Conclave

[2026-05-11 14:04:15 #13 type] 
Type domain.Conclave is not enhanced.

[2026-05-11 14:04:15 #14 type.registry] 
New type domain.Papa

[2026-05-11 14:04:15 #15 type.registry] 
New type domain.Votacion

[2026-05-11 14:04:15 #16 type] 
Type domain.Papa is not enhanced.

[2026-05-11 14:04:15 #17 type] 
Type domain.Votacion is not enhanced.

[2026-05-11 14:04:15 #18 type.registry] 
New type java.util.HashMap<java.lang.String,java.lang.Integer>

[2026-05-11 14:04:15 #19 type.registry] 
New type java.util.ArrayList<domain.Cardenal>

[2026-05-11 14:04:15 #20 type.registry] 
New type java.util.ArrayList<domain.Votacion>

------------------------------------------------------------------------------------------------------------------------

[2026-05-11 15:46:12 #1 store] 
Database 'C:\Users\zubil\OneDrive\Escritorio\universidad\ISpro2\Market26\Market26\src\main\resources\products.temp' is opened by 1520@Zubi99

[2026-05-11 15:46:12 #2 type.registry] 
New type domain.Seller

[2026-05-11 15:46:12 #3 type] 
Type domain.Seller is not enhanced.

[2026-05-11 15:46:12 #4 type.registry] 
New type domain.Sale

[2026-05-11 15:46:12 #5 type] 
Type domain.Sale is not enhanced.

[2026-05-11 15:46:12 #6 type.registry] 
New type domain.Persona

[2026-05-11 15:46:12 #7 type.registry] 
New type domain.Cardenal

[2026-05-11 15:46:12 #8 type] 
Type domain.Persona is not enhanced.

[2026-05-11 15:46:12 #9 type] 
Type domain.Cardenal is not enhanced.

[2026-05-11 15:46:12 #10 type.registry] 
New type java.util.ArrayList<java.lang.Object>

[2026-05-11 15:46:12 #11 type.registry] 
New type java.util.ArrayList<domain.Sale>

[2026-05-11 15:46:18 #12 type.registry] 
New type domain.Conclave

[2026-05-11 15:46:18 #13 type] 
Type domain.Conclave is not enhanced.

[2026-05-11 15:46:18 #14 type.registry] 
New type domain.Papa

[2026-05-11 15:46:18 #15 type.registry] 
New type domain.Votacion

[2026-05-11 15:46:18 #16 type] 
Type domain.Papa is not enhanced.

[2026-05-11 15:46:18 #17 type] 
Type domain.Votacion is not enhanced.

[2026-05-11 15:46:18 #18 type.registry] 
New type java.util.HashMap<java.lang.String,java.lang.Integer>

[2026-05-11 15:46:18 #19 type.registry] 
New type java.util.ArrayList<domain.Cardenal>

[2026-05-11 15:46:18 #20 type.registry] 
New type java.util.ArrayList<domain.Votacion>

------------------------------------------------------------------------------------------------------------------------

[2026-05-11 15:47:18 #1 store] 
Database 'C:\Users\zubil\OneDrive\Escritorio\universidad\ISpro2\Market26\Market26\src\main\resources\products.temp' is opened by 7928@Zubi99

[2026-05-11 15:47:18 #2 type.registry] 
New type domain.Seller

[2026-05-11 15:47:18 #3 type] 
Type domain.Seller is not enhanced.

[2026-05-11 15:47:18 #4 type.registry] 
New type domain.Sale

[2026-05-11 15:47:18 #5 type] 
Type domain.Sale is not enhanced.

[2026-05-11 15:47:18 #6 type.registry] 
New type domain.Persona

[2026-05-11 15:47:18 #7 type.registry] 
New type domain.Cardenal

[2026-05-11 15:47:18 #8 type] 
Type domain.Persona is not enhanced.

[2026-05-11 15:47:18 #9 type] 
Type domain.Cardenal is not enhanced.

[2026-05-11 15:47:18 #10 type.registry] 
New type java.util.ArrayList<java.lang.Object>

[2026-05-11 15:47:18 #11 type.registry] 
New type java.util.ArrayList<domain.Sale>

[2026-05-11 15:47:22 #12 type.registry] 
New type domain.Conclave

[2026-05-11 15:47:22 #13 type] 
Type domain.Conclave is not enhanced.

[2026-05-11 15:47:22 #14 type.registry] 
New type domain.Papa

[2026-05-11 15:47:22 #15 type.registry] 
New type domain.Votacion

[2026-05-11 15:47:22 #16 type] 
Type domain.Papa is not enhanced.

[2026-05-11 15:47:22 #17 type] 
Type domain.Votacion is not enhanced.

[2026-05-11 15:47:22 #18 type.registry] 
New type java.util.HashMap<java.lang.String,java.lang.Integer>

[2026-05-11 15:47:22 #19 type.registry] 
New type java.util.ArrayList<domain.Cardenal>

[2026-05-11 15:47:22 #20 type.registry] 
New type java.util.ArrayList<domain.Votacion>

------------------------------------------------------------------------------------------------------------------------

[2026-05-11 15:49:07 #1 store] 
Database 'C:\Users\zubil\OneDrive\Escritorio\universidad\ISpro2\Market26\Market26\src\main\resources\products.temp' is opened by 26684@Zubi99

[2026-05-11 15:49:07 #2 type.registry] 
New type domain.Seller

[2026-05-11 15:49:07 #3 type] 
Type domain.Seller is not enhanced.

[2026-05-11 15:49:07 #4 type.registry] 
New type domain.Sale

[2026-05-11 15:49:07 #5 type] 
Type domain.Sale is not enhanced.

[2026-05-11 15:49:07 #6 type.registry] 
New type domain.Persona

[2026-05-11 15:49:07 #7 type.registry] 
New type domain.Cardenal

[2026-05-11 15:49:07 #8 type] 
Type domain.Persona is not enhanced.

[2026-05-11 15:49:07 #9 type] 
Type domain.Cardenal is not enhanced.

[2026-05-11 15:49:07 #10 type.registry] 
New type java.util.ArrayList<java.lang.Object>

[2026-05-11 15:49:07 #11 type.registry] 
New type java.util.ArrayList<domain.Sale>

[2026-05-11 15:49:12 #12 type.registry] 
New type domain.Conclave

[2026-05-11 15:49:12 #13 type] 
Type domain.Conclave is not enhanced.

[2026-05-11 15:49:12 #14 type.registry] 
New type domain.Papa

[2026-05-11 15:49:12 #15 type.registry] 
New type domain.Votacion

[2026-05-11 15:49:12 #16 type] 
Type domain.Papa is not enhanced.

[2026-05-11 15:49:12 #17 type] 
Type domain.Votacion is not enhanced.

[2026-05-11 15:49:12 #18 type.registry] 
New type java.util.HashMap<java.lang.String,java.lang.Integer>

[2026-05-11 15:49:12 #19 type.registry] 
New type java.util.ArrayList<domain.Cardenal>

[2026-05-11 15:49:12 #20 type.registry] 
New type java.util.ArrayList<domain.Votacion>

------------------------------------------------------------------------------------------------------------------------

[2026-05-11 15:50:28 #1 store] 
Database 'C:\Users\zubil\OneDrive\Escritorio\universidad\ISpro2\Market26\Market26\src\main\resources\products.temp' is opened by 22512@Zubi99

[2026-05-11 15:50:28 #2 type.registry] 
New type domain.Seller

[2026-05-11 15:50:28 #3 type] 
Type domain.Seller is not enhanced.

[2026-05-11 15:50:28 #4 type.registry] 
New type domain.Sale

[2026-05-11 15:50:28 #5 type] 
Type domain.Sale is not enhanced.

[2026-05-11 15:50:28 #6 type.registry] 
New type domain.Persona

[2026-05-11 15:50:28 #7 type.registry] 
New type domain.Cardenal

[2026-05-11 15:50:28 #8 type] 
Type domain.Persona is not enhanced.

[2026-05-11 15:50:28 #9 type] 
Type domain.Cardenal is not enhanced.

[2026-05-11 15:50:28 #10 type.registry] 
New type java.util.ArrayList<java.lang.Object>

[2026-05-11 15:50:28 #11 type.registry] 
New type java.util.ArrayList<domain.Sale>

------------------------------------------------------------------------------------------------------------------------

[2026-05-11 15:51:17 #1 store] 
Database 'C:\Users\zubil\OneDrive\Escritorio\universidad\ISpro2\Market26\Market26\src\main\resources\products.temp' is opened by 26704@Zubi99

[2026-05-11 15:51:17 #2 type.registry] 
New type domain.Seller

[2026-05-11 15:51:17 #3 type] 
Type domain.Seller is not enhanced.

[2026-05-11 15:51:17 #4 type.registry] 
New type domain.Sale

[2026-05-11 15:51:17 #5 type] 
Type domain.Sale is not enhanced.

[2026-05-11 15:51:17 #6 type.registry] 
New type domain.Persona

[2026-05-11 15:51:17 #7 type.registry] 
New type domain.Cardenal

[2026-05-11 15:51:17 #8 type] 
Type domain.Persona is not enhanced.

[2026-05-11 15:51:17 #9 type] 
Type domain.Cardenal is not enhanced.

[2026-05-11 15:51:17 #10 type.registry] 
New type java.util.ArrayList<java.lang.Object>

[2026-05-11 15:51:17 #11 type.registry] 
New type java.util.ArrayList<domain.Sale>

------------------------------------------------------------------------------------------------------------------------

[2026-05-11 15:52:03 #1 store] 
Database 'C:\Users\zubil\OneDrive\Escritorio\universidad\ISpro2\Market26\Market26\src\main\resources\products.temp' is opened by 37760@Zubi99

[2026-05-11 15:52:03 #2 type.registry] 
New type domain.Seller

[2026-05-11 15:52:03 #3 type] 
Type domain.Seller is not enhanced.

[2026-05-11 15:52:03 #4 type.registry] 
New type domain.Sale

[2026-05-11 15:52:03 #5 type] 
Type domain.Sale is not enhanced.

[2026-05-11 15:52:03 #6 type.registry] 
New type domain.Persona

[2026-05-11 15:52:03 #7 type.registry] 
New type domain.Cardenal

[2026-05-11 15:52:03 #8 type] 
Type domain.Persona is not enhanced.

[2026-05-11 15:52:03 #9 type] 
Type domain.Cardenal is not enhanced.

[2026-05-11 15:52:03 #10 type.registry] 
New type java.util.ArrayList<java.lang.Object>

[2026-05-11 15:52:03 #11 type.registry] 
New type java.util.ArrayList<domain.Sale>

[2026-05-11 15:52:15 #12 type.registry] 
New type domain.Conclave

[2026-05-11 15:52:15 #13 type] 
Type domain.Conclave is not enhanced.

[2026-05-11 15:52:15 #14 type.registry] 
New type domain.Papa

[2026-05-11 15:52:15 #15 type.registry] 
New type domain.Votacion

[2026-05-11 15:52:15 #16 type] 
Type domain.Papa is not enhanced.

[2026-05-11 15:52:15 #17 type] 
Type domain.Votacion is not enhanced.

[2026-05-11 15:52:15 #18 type.registry] 
New type java.util.HashMap<java.lang.String,java.lang.Integer>

[2026-05-11 15:52:15 #19 type.registry] 
New type java.util.ArrayList<domain.Cardenal>

[2026-05-11 15:52:15 #20 type.registry] 
New type java.util.ArrayList<domain.Votacion>

------------------------------------------------------------------------------------------------------------------------

[2026-05-11 15:56:02 #1 store] 
Database 'C:\Users\zubil\OneDrive\Escritorio\universidad\ISpro2\Market26\Market26\src\main\resources\products.temp' is opened by 31716@Zubi99

[2026-05-11 15:56:02 #2 type.registry] 
New type domain.Seller

[2026-05-11 15:56:02 #3 type] 
Type domain.Seller is not enhanced.

[2026-05-11 15:56:02 #4 type.registry] 
New type domain.Sale

[2026-05-11 15:56:02 #5 type] 
Type domain.Sale is not enhanced.

[2026-05-11 15:56:02 #6 type.registry] 
New type domain.Persona

[2026-05-11 15:56:02 #7 type.registry] 
New type domain.Cardenal

[2026-05-11 15:56:02 #8 type] 
Type domain.Persona is not enhanced.

[2026-05-11 15:56:02 #9 type] 
Type domain.Cardenal is not enhanced.

[2026-05-11 15:56:02 #10 type.registry] 
New type java.util.ArrayList<java.lang.Object>

[2026-05-11 15:56:02 #11 type.registry] 
New type java.util.ArrayList<domain.Sale>

[2026-05-11 15:56:08 #12 type.registry] 
New type domain.Conclave

[2026-05-11 15:56:08 #13 type] 
Type domain.Conclave is not enhanced.

[2026-05-11 15:56:08 #14 type.registry] 
New type domain.Papa

[2026-05-11 15:56:08 #15 type.registry] 
New type domain.Votacion

[2026-05-11 15:56:08 #16 type] 
Type domain.Papa is not enhanced.

[2026-05-11 15:56:08 #17 type] 
Type domain.Votacion is not enhanced.

[2026-05-11 15:56:08 #18 type.registry] 
New type java.util.HashMap<java.lang.String,java.lang.Integer>

[2026-05-11 15:56:08 #19 type.registry] 
New type java.util.ArrayList<domain.Cardenal>

[2026-05-11 15:56:08 #20 type.registry] 
New type java.util.ArrayList<domain.Votacion>

------------------------------------------------------------------------------------------------------------------------

[2026-05-11 15:58:35 #1 store] 
Database 'C:\Users\zubil\OneDrive\Escritorio\universidad\ISpro2\Market26\Market26\src\main\resources\products.temp' is opened by 19252@Zubi99

[2026-05-11 15:58:35 #2 type.registry] 
New type domain.Seller

[2026-05-11 15:58:35 #3 type] 
Type domain.Seller is not enhanced.

[2026-05-11 15:58:35 #4 type.registry] 
New type domain.Sale

[2026-05-11 15:58:35 #5 type] 
Type domain.Sale is not enhanced.

[2026-05-11 15:58:35 #6 type.registry] 
New type domain.Persona

[2026-05-11 15:58:35 #7 type.registry] 
New type domain.Cardenal

[2026-05-11 15:58:35 #8 type] 
Type domain.Persona is not enhanced.

[2026-05-11 15:58:35 #9 type] 
Type domain.Cardenal is not enhanced.

[2026-05-11 15:58:35 #10 type.registry] 
New type java.util.ArrayList<java.lang.Object>

[2026-05-11 15:58:35 #11 type.registry] 
New type java.util.ArrayList<domain.Sale>

------------------------------------------------------------------------------------------------------------------------

[2026-05-11 16:00:26 #1 store] 
Database 'C:\Users\zubil\OneDrive\Escritorio\universidad\ISpro2\Market26\Market26\src\main\resources\products.temp' is opened by 28364@Zubi99

[2026-05-11 16:00:26 #2 type.registry] 
New type domain.Seller

[2026-05-11 16:00:26 #3 type] 
Type domain.Seller is not enhanced.

[2026-05-11 16:00:26 #4 type.registry] 
New type domain.Sale

[2026-05-11 16:00:26 #5 type] 
Type domain.Sale is not enhanced.

[2026-05-11 16:00:26 #6 type.registry] 
New type domain.Persona

[2026-05-11 16:00:26 #7 type.registry] 
New type domain.Cardenal

[2026-05-11 16:00:26 #8 type] 
Type domain.Persona is not enhanced.

[2026-05-11 16:00:26 #9 type] 
Type domain.Cardenal is not enhanced.

[2026-05-11 16:00:26 #10 type.registry] 
New type java.util.ArrayList<java.lang.Object>

[2026-05-11 16:00:26 #11 type.registry] 
New type java.util.ArrayList<domain.Sale>

------------------------------------------------------------------------------------------------------------------------

[2026-05-11 16:09:25 #1 store] 
Database 'C:\Users\zubil\OneDrive\Escritorio\universidad\ISpro2\Market26\Market26\src\main\resources\products.temp' is opened by 32848@Zubi99

[2026-05-11 16:09:25 #2 type.registry] 
New type domain.Seller

[2026-05-11 16:09:25 #3 type] 
Type domain.Seller is not enhanced.

[2026-05-11 16:09:25 #4 type.registry] 
New type domain.Sale

[2026-05-11 16:09:25 #5 type] 
Type domain.Sale is not enhanced.

[2026-05-11 16:09:25 #6 type.registry] 
New type domain.Persona

[2026-05-11 16:09:25 #7 type.registry] 
New type domain.Cardenal

[2026-05-11 16:09:25 #8 type] 
Type domain.Persona is not enhanced.

[2026-05-11 16:09:25 #9 type] 
Type domain.Cardenal is not enhanced.

[2026-05-11 16:09:25 #10 type.registry] 
New type java.util.ArrayList<java.lang.Object>

[2026-05-11 16:09:25 #11 type.registry] 
New type java.util.ArrayList<domain.Sale>

[2026-05-11 16:09:32 #12 type.registry] 
New type domain.Conclave

[2026-05-11 16:09:32 #13 type] 
Type domain.Conclave is not enhanced.

[2026-05-11 16:09:32 #14 type.registry] 
New type domain.Papa

[2026-05-11 16:09:32 #15 type.registry] 
New type domain.Votacion

[2026-05-11 16:09:32 #16 type] 
Type domain.Papa is not enhanced.

[2026-05-11 16:09:32 #17 type] 
Type domain.Votacion is not enhanced.

[2026-05-11 16:09:32 #18 type.registry] 
New type java.util.HashMap<java.lang.String,java.lang.Integer>

[2026-05-11 16:09:32 #19 type.registry] 
New type java.util.ArrayList<domain.Cardenal>

[2026-05-11 16:09:32 #20 type.registry] 
New type java.util.ArrayList<domain.Votacion>

------------------------------------------------------------------------------------------------------------------------

[2026-05-11 16:12:24 #1 store] 
Database 'C:\Users\zubil\OneDrive\Escritorio\universidad\ISpro2\Market26\Market26\src\main\resources\products.temp' is opened by 23808@Zubi99

[2026-05-11 16:12:24 #2 type.registry] 
New type domain.Seller

[2026-05-11 16:12:24 #3 type] 
Type domain.Seller is not enhanced.

[2026-05-11 16:12:24 #4 type.registry] 
New type domain.Sale

[2026-05-11 16:12:24 #5 type] 
Type domain.Sale is not enhanced.

[2026-05-11 16:12:24 #6 type.registry] 
New type domain.Persona

[2026-05-11 16:12:24 #7 type.registry] 
New type domain.Cardenal

[2026-05-11 16:12:24 #8 type] 
Type domain.Persona is not enhanced.

[2026-05-11 16:12:24 #9 type] 
Type domain.Cardenal is not enhanced.

[2026-05-11 16:12:24 #10 type.registry] 
New type java.util.ArrayList<java.lang.Object>

[2026-05-11 16:12:24 #11 type.registry] 
New type java.util.ArrayList<domain.Sale>

[2026-05-11 16:12:33 #12 type.registry] 
New type domain.Conclave

[2026-05-11 16:12:33 #13 type] 
Type domain.Conclave is not enhanced.

[2026-05-11 16:12:33 #14 type.registry] 
New type domain.Papa

[2026-05-11 16:12:33 #15 type.registry] 
New type domain.Votacion

[2026-05-11 16:12:33 #16 type] 
Type domain.Papa is not enhanced.

[2026-05-11 16:12:33 #17 type] 
Type domain.Votacion is not enhanced.

[2026-05-11 16:12:33 #18 type.registry] 
New type java.util.HashMap<java.lang.String,java.lang.Integer>

[2026-05-11 16:12:33 #19 type.registry] 
New type java.util.ArrayList<domain.Cardenal>

[2026-05-11 16:12:33 #20 type.registry] 
New type java.util.ArrayList<domain.Votacion>

------------------------------------------------------------------------------------------------------------------------

[2026-05-11 16:15:33 #1 store] 
Database 'C:\Users\zubil\OneDrive\Escritorio\universidad\ISpro2\Market26\Market26\src\main\resources\products.temp' is opened by 1164@Zubi99

[2026-05-11 16:15:33 #2 type.registry] 
New type domain.Seller

[2026-05-11 16:15:33 #3 type] 
Type domain.Seller is not enhanced.

[2026-05-11 16:15:33 #4 type.registry] 
New type domain.Sale

[2026-05-11 16:15:33 #5 type] 
Type domain.Sale is not enhanced.

[2026-05-11 16:15:33 #6 type.registry] 
New type domain.Persona

[2026-05-11 16:15:33 #7 type.registry] 
New type domain.Cardenal

[2026-05-11 16:15:33 #8 type] 
Type domain.Persona is not enhanced.

[2026-05-11 16:15:33 #9 type] 
Type domain.Cardenal is not enhanced.

[2026-05-11 16:15:33 #10 type.registry] 
New type java.util.ArrayList<java.lang.Object>

[2026-05-11 16:15:33 #11 type.registry] 
New type java.util.ArrayList<domain.Sale>

[2026-05-11 16:15:39 #12 type.registry] 
New type domain.Conclave

[2026-05-11 16:15:39 #13 type] 
Type domain.Conclave is not enhanced.

[2026-05-11 16:15:39 #14 type.registry] 
New type domain.Papa

[2026-05-11 16:15:39 #15 type.registry] 
New type domain.Votacion

[2026-05-11 16:15:39 #16 type] 
Type domain.Papa is not enhanced.

[2026-05-11 16:15:39 #17 type] 
Type domain.Votacion is not enhanced.

[2026-05-11 16:15:39 #18 type.registry] 
New type java.util.HashMap<java.lang.String,java.lang.Integer>

[2026-05-11 16:15:39 #19 type.registry] 
New type java.util.ArrayList<domain.Cardenal>

[2026-05-11 16:15:39 #20 type.registry] 
New type java.util.ArrayList<domain.Votacion>

------------------------------------------------------------------------------------------------------------------------

[2026-05-11 16:19:40 #1 store] 
Database 'C:\Users\zubil\OneDrive\Escritorio\universidad\ISpro2\Market26\Market26\src\main\resources\products.temp' is opened by 9708@Zubi99

[2026-05-11 16:19:40 #2 type.registry] 
New type domain.Seller

[2026-05-11 16:19:40 #3 type] 
Type domain.Seller is not enhanced.

[2026-05-11 16:19:40 #4 type.registry] 
New type domain.Sale

[2026-05-11 16:19:40 #5 type] 
Type domain.Sale is not enhanced.

[2026-05-11 16:19:40 #6 type.registry] 
New type domain.Persona

[2026-05-11 16:19:40 #7 type.registry] 
New type domain.Cardenal

[2026-05-11 16:19:40 #8 type] 
Type domain.Persona is not enhanced.

[2026-05-11 16:19:40 #9 type] 
Type domain.Cardenal is not enhanced.

[2026-05-11 16:19:40 #10 type.registry] 
New type java.util.ArrayList<java.lang.Object>

[2026-05-11 16:19:40 #11 type.registry] 
New type java.util.ArrayList<domain.Sale>

[2026-05-11 16:19:46 #12 type.registry] 
New type domain.Conclave

[2026-05-11 16:19:46 #13 type] 
Type domain.Conclave is not enhanced.

[2026-05-11 16:19:46 #14 type.registry] 
New type domain.Papa

[2026-05-11 16:19:46 #15 type.registry] 
New type domain.Votacion

[2026-05-11 16:19:46 #16 type] 
Type domain.Papa is not enhanced.

[2026-05-11 16:19:46 #17 type] 
Type domain.Votacion is not enhanced.

[2026-05-11 16:19:46 #18 type.registry] 
New type java.util.HashMap<java.lang.String,java.lang.Integer>

[2026-05-11 16:19:46 #19 type.registry] 
New type java.util.ArrayList<domain.Cardenal>

[2026-05-11 16:19:46 #20 type.registry] 
New type java.util.ArrayList<domain.Votacion>

------------------------------------------------------------------------------------------------------------------------

[2026-05-11 16:22:31 #1 store] 
Database 'C:\Users\zubil\OneDrive\Escritorio\universidad\ISpro2\Market26\Market26\src\main\resources\products.temp' is opened by 30432@Zubi99

[2026-05-11 16:22:31 #2 type.registry] 
New type domain.Seller

[2026-05-11 16:22:31 #3 type] 
Type domain.Seller is not enhanced.

[2026-05-11 16:22:31 #4 type.registry] 
New type domain.Sale

[2026-05-11 16:22:31 #5 type] 
Type domain.Sale is not enhanced.

[2026-05-11 16:22:31 #6 type.registry] 
New type domain.Persona

[2026-05-11 16:22:31 #7 type.registry] 
New type domain.Cardenal

[2026-05-11 16:22:31 #8 type] 
Type domain.Persona is not enhanced.

[2026-05-11 16:22:31 #9 type] 
Type domain.Cardenal is not enhanced.

[2026-05-11 16:22:31 #10 type.registry] 
New type java.util.ArrayList<java.lang.Object>

[2026-05-11 16:22:31 #11 type.registry] 
New type java.util.ArrayList<domain.Sale>

[2026-05-11 16:22:38 #12 type.registry] 
New type domain.Conclave

[2026-05-11 16:22:38 #13 type] 
Type domain.Conclave is not enhanced.

[2026-05-11 16:22:38 #14 type.registry] 
New type domain.Papa

[2026-05-11 16:22:38 #15 type.registry] 
New type domain.Votacion

[2026-05-11 16:22:38 #16 type] 
Type domain.Papa is not enhanced.

[2026-05-11 16:22:38 #17 type] 
Type domain.Votacion is not enhanced.

[2026-05-11 16:22:38 #18 type.registry] 
New type java.util.HashMap<java.lang.String,java.lang.Integer>

[2026-05-11 16:22:38 #19 type.registry] 
New type java.util.ArrayList<domain.Cardenal>

[2026-05-11 16:22:38 #20 type.registry] 
New type java.util.ArrayList<domain.Votacion>

------------------------------------------------------------------------------------------------------------------------

[2026-05-11 16:42:10 #1 store] 
Database 'C:\Users\zubil\OneDrive\Escritorio\universidad\ISpro2\Market26\Market26\src\main\resources\products.temp' is opened by 2320@Zubi99

[2026-05-11 16:42:10 #2 type.registry] 
New type domain.Seller

[2026-05-11 16:42:10 #3 type] 
Type domain.Seller is not enhanced.

[2026-05-11 16:42:10 #4 type.registry] 
New type domain.Sale

[2026-05-11 16:42:10 #5 type] 
Type domain.Sale is not enhanced.

[2026-05-11 16:42:10 #6 type.registry] 
New type domain.Persona

[2026-05-11 16:42:10 #7 type.registry] 
New type domain.Cardenal

[2026-05-11 16:42:10 #8 type] 
Type domain.Persona is not enhanced.

[2026-05-11 16:42:10 #9 type] 
Type domain.Cardenal is not enhanced.

[2026-05-11 16:42:10 #10 type.registry] 
New type java.util.ArrayList<java.lang.Object>

[2026-05-11 16:42:10 #11 type.registry] 
New type java.util.ArrayList<domain.Sale>

[2026-05-11 16:42:16 #12 type.registry] 
New type domain.Conclave

[2026-05-11 16:42:16 #13 type] 
Type domain.Conclave is not enhanced.

[2026-05-11 16:42:16 #14 type.registry] 
New type domain.Papa

[2026-05-11 16:42:16 #15 type.registry] 
New type domain.Votacion

[2026-05-11 16:42:16 #16 type] 
Type domain.Papa is not enhanced.

[2026-05-11 16:42:16 #17 type] 
Type domain.Votacion is not enhanced.

[2026-05-11 16:42:16 #18 type.registry] 
New type java.util.HashMap<java.lang.String,java.lang.Integer>

[2026-05-11 16:42:16 #19 type.registry] 
New type java.util.ArrayList<domain.Cardenal>

[2026-05-11 16:42:16 #20 type.registry] 
New type java.util.ArrayList<domain.Votacion>

------------------------------------------------------------------------------------------------------------------------

[2026-05-11 16:48:06 #1 store] 
Database 'C:\Users\zubil\OneDrive\Escritorio\universidad\ISpro2\Market26\Market26\src\main\resources\products.temp' is opened by 27980@Zubi99

[2026-05-11 16:48:06 #2 type.registry] 
New type domain.Seller

[2026-05-11 16:48:06 #3 type] 
Type domain.Seller is not enhanced.

[2026-05-11 16:48:06 #4 type.registry] 
New type domain.Sale

[2026-05-11 16:48:06 #5 type] 
Type domain.Sale is not enhanced.

[2026-05-11 16:48:06 #6 type.registry] 
New type domain.Persona

[2026-05-11 16:48:06 #7 type.registry] 
New type domain.Cardenal

[2026-05-11 16:48:06 #8 type] 
Type domain.Persona is not enhanced.

[2026-05-11 16:48:06 #9 type] 
Type domain.Cardenal is not enhanced.

[2026-05-11 16:48:06 #10 type.registry] 
New type java.util.ArrayList<java.lang.Object>

[2026-05-11 16:48:06 #11 type.registry] 
New type java.util.ArrayList<domain.Sale>

[2026-05-11 16:48:11 #12 type.registry] 
New type domain.Conclave

[2026-05-11 16:48:11 #13 type] 
Type domain.Conclave is not enhanced.

[2026-05-11 16:48:11 #14 type.registry] 
New type domain.Papa

[2026-05-11 16:48:11 #15 type.registry] 
New type domain.Votacion

[2026-05-11 16:48:11 #16 type] 
Type domain.Papa is not enhanced.

[2026-05-11 16:48:11 #17 type] 
Type domain.Votacion is not enhanced.

[2026-05-11 16:48:11 #18 type.registry] 
New type java.util.HashMap<java.lang.String,java.lang.Integer>

[2026-05-11 16:48:11 #19 type.registry] 
New type java.util.ArrayList<domain.Cardenal>

[2026-05-11 16:48:12 #20 type.registry] 
New type java.util.ArrayList<domain.Votacion>

------------------------------------------------------------------------------------------------------------------------

[2026-05-11 16:56:44 #1 store] 
Database 'C:\Users\zubil\OneDrive\Escritorio\universidad\ISpro2\Market26\Market26\src\main\resources\products.temp' is opened by 29276@Zubi99

[2026-05-11 16:56:44 #2 type.registry] 
New type domain.Seller

[2026-05-11 16:56:44 #3 type] 
Type domain.Seller is not enhanced.

[2026-05-11 16:56:44 #4 type.registry] 
New type domain.Sale

[2026-05-11 16:56:44 #5 type] 
Type domain.Sale is not enhanced.

[2026-05-11 16:56:44 #6 type.registry] 
New type domain.Persona

[2026-05-11 16:56:44 #7 type.registry] 
New type domain.Cardenal

[2026-05-11 16:56:44 #8 type] 
Type domain.Persona is not enhanced.

[2026-05-11 16:56:44 #9 type] 
Type domain.Cardenal is not enhanced.

[2026-05-11 16:56:44 #10 type.registry] 
New type java.util.ArrayList<java.lang.Object>

[2026-05-11 16:56:44 #11 type.registry] 
New type java.util.ArrayList<domain.Sale>

[2026-05-11 16:56:49 #12 type.registry] 
New type domain.Conclave

[2026-05-11 16:56:49 #13 type] 
Type domain.Conclave is not enhanced.

[2026-05-11 16:56:49 #14 type.registry] 
New type domain.Papa

[2026-05-11 16:56:49 #15 type.registry] 
New type domain.Votacion

[2026-05-11 16:56:49 #16 type] 
Type domain.Papa is not enhanced.

[2026-05-11 16:56:49 #17 type] 
Type domain.Votacion is not enhanced.

[2026-05-11 16:56:49 #18 type.registry] 
New type java.util.HashMap<java.lang.String,java.lang.Integer>

------------------------------------------------------------------------------------------------------------------------

[2026-05-11 16:57:15 #1 store] 
Database 'C:\Users\zubil\OneDrive\Escritorio\universidad\ISpro2\Market26\Market26\src\main\resources\products.temp' is opened by 36388@Zubi99

[2026-05-11 16:57:15 #2 type.registry] 
New type domain.Seller

[2026-05-11 16:57:15 #3 type] 
Type domain.Seller is not enhanced.

[2026-05-11 16:57:15 #4 type.registry] 
New type domain.Sale

[2026-05-11 16:57:15 #5 type] 
Type domain.Sale is not enhanced.

[2026-05-11 16:57:15 #6 type.registry] 
New type domain.Persona

[2026-05-11 16:57:15 #7 type.registry] 
New type domain.Cardenal

[2026-05-11 16:57:15 #8 type] 
Type domain.Persona is not enhanced.

[2026-05-11 16:57:15 #9 type] 
Type domain.Cardenal is not enhanced.

[2026-05-11 16:57:15 #10 type.registry] 
New type java.util.ArrayList<java.lang.Object>

[2026-05-11 16:57:15 #11 type.registry] 
New type java.util.ArrayList<domain.Sale>

[2026-05-11 16:57:18 #12 type.registry] 
New type domain.Conclave

[2026-05-11 16:57:18 #13 type] 
Type domain.Conclave is not enhanced.

[2026-05-11 16:57:18 #14 type.registry] 
New type domain.Papa

[2026-05-11 16:57:18 #15 type.registry] 
New type domain.Votacion

[2026-05-11 16:57:18 #16 type] 
Type domain.Papa is not enhanced.

[2026-05-11 16:57:18 #17 type] 
Type domain.Votacion is not enhanced.

[2026-05-11 16:57:18 #18 type.registry] 
New type java.util.HashMap<java.lang.String,java.lang.Integer>

------------------------------------------------------------------------------------------------------------------------

[2026-05-11 16:58:22 #1 store] 
Database 'C:\Users\zubil\OneDrive\Escritorio\universidad\ISpro2\Market26\Market26\src\main\resources\products.temp' is opened by 2328@Zubi99

[2026-05-11 16:58:22 #2 type.registry] 
New type domain.Seller

[2026-05-11 16:58:22 #3 type] 
Type domain.Seller is not enhanced.

[2026-05-11 16:58:22 #4 type.registry] 
New type domain.Sale

[2026-05-11 16:58:22 #5 type] 
Type domain.Sale is not enhanced.

[2026-05-11 16:58:22 #6 type.registry] 
New type domain.Persona

[2026-05-11 16:58:22 #7 type.registry] 
New type domain.Cardenal

[2026-05-11 16:58:22 #8 type] 
Type domain.Persona is not enhanced.

[2026-05-11 16:58:22 #9 type] 
Type domain.Cardenal is not enhanced.

[2026-05-11 16:58:22 #10 type.registry] 
New type java.util.ArrayList<java.lang.Object>

[2026-05-11 16:58:22 #11 type.registry] 
New type java.util.ArrayList<domain.Sale>

[2026-05-11 16:58:33 #12 type.registry] 
New type domain.Conclave

[2026-05-11 16:58:33 #13 type] 
Type domain.Conclave is not enhanced.

[2026-05-11 16:58:33 #14 type.registry] 
New type domain.Papa

[2026-05-11 16:58:33 #15 type.registry] 
New type domain.Votacion

[2026-05-11 16:58:33 #16 type] 
Type domain.Papa is not enhanced.

[2026-05-11 16:58:33 #17 type] 
Type domain.Votacion is not enhanced.

[2026-05-11 16:58:33 #18 type.registry] 
New type java.util.HashMap<java.lang.String,java.lang.Integer>

[2026-05-11 16:58:33 #19 type.registry] 
New type java.util.ArrayList<domain.Cardenal>

[2026-05-11 16:58:33 #20 type.registry] 
New type java.util.ArrayList<domain.Votacion>

------------------------------------------------------------------------------------------------------------------------

[2026-05-11 17:03:04 #1 store] 
Database 'C:\Users\zubil\OneDrive\Escritorio\universidad\ISpro2\Market26\Market26\src\main\resources\products.temp' is opened by 3200@Zubi99

[2026-05-11 17:03:04 #2 type.registry] 
New type domain.Seller

[2026-05-11 17:03:04 #3 type] 
Type domain.Seller is not enhanced.

[2026-05-11 17:03:04 #4 type.registry] 
New type domain.Sale

[2026-05-11 17:03:04 #5 type] 
Type domain.Sale is not enhanced.

[2026-05-11 17:03:04 #6 type.registry] 
New type domain.Persona

[2026-05-11 17:03:04 #7 type.registry] 
New type domain.Cardenal

[2026-05-11 17:03:04 #8 type] 
Type domain.Persona is not enhanced.

[2026-05-11 17:03:04 #9 type] 
Type domain.Cardenal is not enhanced.

[2026-05-11 17:03:04 #10 type.registry] 
New type java.util.ArrayList<java.lang.Object>

[2026-05-11 17:03:04 #11 type.registry] 
New type java.util.ArrayList<domain.Sale>

[2026-05-11 17:03:09 #12 type.registry] 
New type domain.Conclave

[2026-05-11 17:03:09 #13 type] 
Type domain.Conclave is not enhanced.

[2026-05-11 17:03:09 #14 type.registry] 
New type domain.Papa

[2026-05-11 17:03:09 #15 type.registry] 
New type domain.Votacion

[2026-05-11 17:03:09 #16 type] 
Type domain.Papa is not enhanced.

[2026-05-11 17:03:09 #17 type] 
Type domain.Votacion is not enhanced.

[2026-05-11 17:03:09 #18 type.registry] 
New type java.util.HashMap<java.lang.String,java.lang.Integer>

[2026-05-11 17:03:09 #19 type.registry] 
New type java.util.ArrayList<domain.Cardenal>

[2026-05-11 17:03:09 #20 type.registry] 
New type java.util.ArrayList<domain.Votacion>

------------------------------------------------------------------------------------------------------------------------

[2026-05-11 17:04:31 #1 store] 
Database 'C:\Users\zubil\OneDrive\Escritorio\universidad\ISpro2\Market26\Market26\src\main\resources\products.temp' is opened by 20228@Zubi99

[2026-05-11 17:04:31 #2 type.registry] 
New type domain.Seller

[2026-05-11 17:04:31 #3 type] 
Type domain.Seller is not enhanced.

[2026-05-11 17:04:31 #4 type.registry] 
New type domain.Sale

[2026-05-11 17:04:31 #5 type] 
Type domain.Sale is not enhanced.

[2026-05-11 17:04:31 #6 type.registry] 
New type domain.Persona

[2026-05-11 17:04:31 #7 type.registry] 
New type domain.Cardenal

[2026-05-11 17:04:31 #8 type] 
Type domain.Persona is not enhanced.

[2026-05-11 17:04:31 #9 type] 
Type domain.Cardenal is not enhanced.

[2026-05-11 17:04:31 #10 type.registry] 
New type java.util.ArrayList<java.lang.Object>

[2026-05-11 17:04:31 #11 type.registry] 
New type java.util.ArrayList<domain.Sale>

------------------------------------------------------------------------------------------------------------------------

[2026-05-11 17:22:07 #1 store] 
Database 'C:\Users\zubil\OneDrive\Escritorio\universidad\ISpro2\Market26\Market26\src\main\resources\products.temp' is opened by 28620@Zubi99

[2026-05-11 17:22:07 #2 type.registry] 
New type domain.Seller

[2026-05-11 17:22:07 #3 type] 
Type domain.Seller is not enhanced.

[2026-05-11 17:22:07 #4 type.registry] 
New type domain.Sale

[2026-05-11 17:22:07 #5 type] 
Type domain.Sale is not enhanced.

[2026-05-11 17:22:07 #6 type.registry] 
New type domain.Persona

[2026-05-11 17:22:07 #7 type.registry] 
New type domain.Cardenal

[2026-05-11 17:22:07 #8 type] 
Type domain.Persona is not enhanced.

[2026-05-11 17:22:07 #9 type] 
Type domain.Cardenal is not enhanced.

[2026-05-11 17:22:07 #10 type.registry] 
New type java.util.ArrayList<java.lang.Object>

[2026-05-11 17:22:07 #11 type.registry] 
New type java.util.ArrayList<domain.Sale>

------------------------------------------------------------------------------------------------------------------------

[2026-05-11 17:24:36 #1 store] 
Database 'C:\Users\zubil\OneDrive\Escritorio\universidad\ISpro2\Market26\Market26\src\main\resources\products.temp' is opened by 15708@Zubi99

[2026-05-11 17:24:36 #2 type.registry] 
New type domain.Seller

[2026-05-11 17:24:36 #3 type] 
Type domain.Seller is not enhanced.

[2026-05-11 17:24:36 #4 type.registry] 
New type domain.Sale

[2026-05-11 17:24:36 #5 type] 
Type domain.Sale is not enhanced.

[2026-05-11 17:24:36 #6 type.registry] 
New type domain.Persona

[2026-05-11 17:24:36 #7 type.registry] 
New type domain.Cardenal

[2026-05-11 17:24:36 #8 type] 
Type domain.Persona is not enhanced.

[2026-05-11 17:24:36 #9 type] 
Type domain.Cardenal is not enhanced.

[2026-05-11 17:24:36 #10 type.registry] 
New type java.util.ArrayList<java.lang.Object>

[2026-05-11 17:24:36 #11 type.registry] 
New type java.util.ArrayList<domain.Sale>

------------------------------------------------------------------------------------------------------------------------

[2026-05-11 17:56:17 #1 store] 
Database 'C:\Users\zubil\OneDrive\Escritorio\universidad\ISpro2\Market26\Market26\src\main\resources\products.temp' is opened by 13540@Zubi99

[2026-05-11 17:56:17 #2 type.registry] 
New type domain.Seller

[2026-05-11 17:56:17 #3 type] 
Type domain.Seller is not enhanced.

[2026-05-11 17:56:17 #4 type.registry] 
New type domain.Sale

[2026-05-11 17:56:17 #5 type] 
Type domain.Sale is not enhanced.

[2026-05-11 17:56:17 #6 type.registry] 
New type domain.Persona

[2026-05-11 17:56:17 #7 type.registry] 
New type domain.Cardenal

[2026-05-11 17:56:17 #8 type] 
Type domain.Persona is not enhanced.

[2026-05-11 17:56:17 #9 type] 
Type domain.Cardenal is not enhanced.

[2026-05-11 17:56:17 #10 type.registry] 
New type java.util.ArrayList<java.lang.Object>

[2026-05-11 17:56:17 #11 type.registry] 
New type java.util.ArrayList<domain.Sale>

[2026-05-11 17:56:29 #12 type.registry] 
New type domain.Conclave

[2026-05-11 17:56:29 #13 type] 
Type domain.Conclave is not enhanced.

[2026-05-11 17:56:29 #14 type.registry] 
New type domain.Papa

[2026-05-11 17:56:29 #15 type.registry] 
New type domain.Votacion

[2026-05-11 17:56:29 #16 type] 
Type domain.Papa is not enhanced.

[2026-05-11 17:56:29 #17 type] 
Type domain.Votacion is not enhanced.

[2026-05-11 17:56:29 #18 type.registry] 
New type java.util.HashMap<java.lang.String,java.lang.Integer>

[2026-05-11 17:56:29 #19 type.registry] 
New type java.util.ArrayList<domain.Cardenal>

[2026-05-11 17:56:29 #20 type.registry] 
New type java.util.ArrayList<domain.Votacion>

------------------------------------------------------------------------------------------------------------------------

[2026-05-11 17:58:45 #1 store] 
Database 'C:\Users\zubil\OneDrive\Escritorio\universidad\ISpro2\Market26\Market26\src\main\resources\products.temp' is opened by 26820@Zubi99

[2026-05-11 17:58:45 #2 type.registry] 
New type domain.Seller

[2026-05-11 17:58:45 #3 type] 
Type domain.Seller is not enhanced.

[2026-05-11 17:58:45 #4 type.registry] 
New type domain.Sale

[2026-05-11 17:58:45 #5 type] 
Type domain.Sale is not enhanced.

[2026-05-11 17:58:46 #6 type.registry] 
New type domain.Persona

[2026-05-11 17:58:46 #7 type.registry] 
New type domain.Cardenal

[2026-05-11 17:58:46 #8 type] 
Type domain.Persona is not enhanced.

[2026-05-11 17:58:46 #9 type] 
Type domain.Cardenal is not enhanced.

[2026-05-11 17:58:46 #10 type.registry] 
New type java.util.ArrayList<java.lang.Object>

[2026-05-11 17:58:46 #11 type.registry] 
New type java.util.ArrayList<domain.Sale>

[2026-05-11 17:58:50 #12 type.registry] 
New type domain.Conclave

[2026-05-11 17:58:50 #13 type] 
Type domain.Conclave is not enhanced.

[2026-05-11 17:58:50 #14 type.registry] 
New type domain.Papa

[2026-05-11 17:58:50 #15 type.registry] 
New type domain.Votacion

[2026-05-11 17:58:50 #16 type] 
Type domain.Papa is not enhanced.

[2026-05-11 17:58:50 #17 type] 
Type domain.Votacion is not enhanced.

[2026-05-11 17:58:50 #18 type.registry] 
New type java.util.HashMap<java.lang.String,java.lang.Integer>

[2026-05-11 17:58:50 #19 type.registry] 
New type java.util.ArrayList<domain.Cardenal>

[2026-05-11 17:58:50 #20 type.registry] 
New type java.util.ArrayList<domain.Votacion>

------------------------------------------------------------------------------------------------------------------------

[2026-05-11 18:00:57 #1 store] 
Database 'C:\Users\zubil\OneDrive\Escritorio\universidad\ISpro2\Market26\Market26\src\main\resources\products.temp' is opened by 37264@Zubi99

[2026-05-11 18:00:57 #2 type.registry] 
New type domain.Seller

[2026-05-11 18:00:57 #3 type] 
Type domain.Seller is not enhanced.

[2026-05-11 18:00:57 #4 type.registry] 
New type domain.Sale

[2026-05-11 18:00:57 #5 type] 
Type domain.Sale is not enhanced.

[2026-05-11 18:00:57 #6 type.registry] 
New type domain.Persona

[2026-05-11 18:00:57 #7 type.registry] 
New type domain.Cardenal

[2026-05-11 18:00:57 #8 type] 
Type domain.Persona is not enhanced.

[2026-05-11 18:00:57 #9 type] 
Type domain.Cardenal is not enhanced.

[2026-05-11 18:00:57 #10 type.registry] 
New type java.util.ArrayList<java.lang.Object>

[2026-05-11 18:00:57 #11 type.registry] 
New type java.util.ArrayList<domain.Sale>

[2026-05-11 18:01:09 #12 type.registry] 
New type domain.Conclave

[2026-05-11 18:01:09 #13 type] 
Type domain.Conclave is not enhanced.

[2026-05-11 18:01:09 #14 type.registry] 
New type domain.Papa

[2026-05-11 18:01:09 #15 type.registry] 
New type domain.Votacion

[2026-05-11 18:01:09 #16 type] 
Type domain.Papa is not enhanced.

[2026-05-11 18:01:09 #17 type] 
Type domain.Votacion is not enhanced.

[2026-05-11 18:01:09 #18 type.registry] 
New type java.util.HashMap<java.lang.String,java.lang.Integer>

[2026-05-11 18:01:09 #19 type.registry] 
New type java.util.ArrayList<domain.Cardenal>

[2026-05-11 18:01:09 #20 type.registry] 
New type java.util.ArrayList<domain.Votacion>

------------------------------------------------------------------------------------------------------------------------

[2026-05-11 18:01:48 #1 store] 
Database 'C:\Users\zubil\OneDrive\Escritorio\universidad\ISpro2\Market26\Market26\src\main\resources\products.temp' is opened by 5760@Zubi99

[2026-05-11 18:01:48 #2 type.registry] 
New type domain.Seller

[2026-05-11 18:01:48 #3 type] 
Type domain.Seller is not enhanced.

[2026-05-11 18:01:48 #4 type.registry] 
New type domain.Sale

[2026-05-11 18:01:48 #5 type] 
Type domain.Sale is not enhanced.

[2026-05-11 18:01:48 #6 type.registry] 
New type domain.Persona

[2026-05-11 18:01:48 #7 type.registry] 
New type domain.Cardenal

[2026-05-11 18:01:48 #8 type] 
Type domain.Persona is not enhanced.

[2026-05-11 18:01:48 #9 type] 
Type domain.Cardenal is not enhanced.

[2026-05-11 18:01:48 #10 type.registry] 
New type java.util.ArrayList<java.lang.Object>

[2026-05-11 18:01:48 #11 type.registry] 
New type java.util.ArrayList<domain.Sale>

[2026-05-11 18:01:52 #12 type.registry] 
New type domain.Conclave

[2026-05-11 18:01:52 #13 type] 
Type domain.Conclave is not enhanced.

[2026-05-11 18:01:52 #14 type.registry] 
New type domain.Papa

[2026-05-11 18:01:52 #15 type.registry] 
New type domain.Votacion

[2026-05-11 18:01:52 #16 type] 
Type domain.Papa is not enhanced.

[2026-05-11 18:01:52 #17 type] 
Type domain.Votacion is not enhanced.

[2026-05-11 18:01:52 #18 type.registry] 
New type java.util.HashMap<java.lang.String,java.lang.Integer>

[2026-05-11 18:01:52 #19 type.registry] 
New type java.util.ArrayList<domain.Cardenal>

[2026-05-11 18:01:52 #20 type.registry] 
New type java.util.ArrayList<domain.Votacion>

------------------------------------------------------------------------------------------------------------------------

[2026-05-11 18:08:04 #1 store] 
Database 'C:\Users\zubil\OneDrive\Escritorio\universidad\ISpro2\Market26\Market26\src\main\resources\products.temp' is opened by 2252@Zubi99

[2026-05-11 18:08:04 #2 type.registry] 
New type domain.Seller

[2026-05-11 18:08:04 #3 type] 
Type domain.Seller is not enhanced.

[2026-05-11 18:08:04 #4 type.registry] 
New type domain.Sale

[2026-05-11 18:08:04 #5 type] 
Type domain.Sale is not enhanced.

[2026-05-11 18:08:04 #6 type.registry] 
New type domain.Persona

[2026-05-11 18:08:04 #7 type.registry] 
New type domain.Cardenal

[2026-05-11 18:08:04 #8 type] 
Type domain.Persona is not enhanced.

[2026-05-11 18:08:04 #9 type] 
Type domain.Cardenal is not enhanced.

[2026-05-11 18:08:04 #10 type.registry] 
New type java.util.ArrayList<java.lang.Object>

[2026-05-11 18:08:04 #11 type.registry] 
New type java.util.ArrayList<domain.Sale>

------------------------------------------------------------------------------------------------------------------------

[2026-05-11 18:08:11 #1 store] 
Database 'C:\Users\zubil\OneDrive\Escritorio\universidad\ISpro2\Market26\Market26\src\main\resources\products.temp' is opened by 37800@Zubi99

[2026-05-11 18:08:11 #2 type.registry] 
New type domain.Seller

[2026-05-11 18:08:11 #3 type] 
Type domain.Seller is not enhanced.

[2026-05-11 18:08:11 #4 type.registry] 
New type domain.Sale

[2026-05-11 18:08:11 #5 type] 
Type domain.Sale is not enhanced.

[2026-05-11 18:08:11 #6 type.registry] 
New type domain.Persona

[2026-05-11 18:08:11 #7 type.registry] 
New type domain.Cardenal

[2026-05-11 18:08:11 #8 type] 
Type domain.Persona is not enhanced.

[2026-05-11 18:08:11 #9 type] 
Type domain.Cardenal is not enhanced.

[2026-05-11 18:08:11 #10 type.registry] 
New type java.util.ArrayList<java.lang.Object>

[2026-05-11 18:08:11 #11 type.registry] 
New type java.util.ArrayList<domain.Sale>

[2026-05-11 18:08:15 #12 type.registry] 
New type domain.Conclave

[2026-05-11 18:08:15 #13 type] 
Type domain.Conclave is not enhanced.

[2026-05-11 18:08:15 #14 type.registry] 
New type domain.Papa

[2026-05-11 18:08:15 #15 type.registry] 
New type domain.Votacion

[2026-05-11 18:08:15 #16 type] 
Type domain.Papa is not enhanced.

[2026-05-11 18:08:15 #17 type] 
Type domain.Votacion is not enhanced.

[2026-05-11 18:08:15 #18 type.registry] 
New type java.util.HashMap<java.lang.String,java.lang.Integer>

[2026-05-11 18:08:15 #19 type.registry] 
New type java.util.ArrayList<domain.Cardenal>

[2026-05-11 18:08:15 #20 type.registry] 
New type java.util.ArrayList<domain.Votacion>

------------------------------------------------------------------------------------------------------------------------

[2026-05-11 18:10:06 #1 store] 
Database 'C:\Users\zubil\OneDrive\Escritorio\universidad\ISpro2\Market26\Market26\src\main\resources\products.temp' is opened by 16108@Zubi99

[2026-05-11 18:10:06 #2 type.registry] 
New type domain.Seller

[2026-05-11 18:10:06 #3 type] 
Type domain.Seller is not enhanced.

[2026-05-11 18:10:06 #4 type.registry] 
New type domain.Sale

[2026-05-11 18:10:06 #5 type] 
Type domain.Sale is not enhanced.

[2026-05-11 18:10:06 #6 type.registry] 
New type domain.Persona

[2026-05-11 18:10:06 #7 type.registry] 
New type domain.Cardenal

[2026-05-11 18:10:06 #8 type] 
Type domain.Persona is not enhanced.

[2026-05-11 18:10:06 #9 type] 
Type domain.Cardenal is not enhanced.

[2026-05-11 18:10:06 #10 type.registry] 
New type java.util.ArrayList<java.lang.Object>

[2026-05-11 18:10:06 #11 type.registry] 
New type java.util.ArrayList<domain.Sale>

[2026-05-11 18:10:10 #12 type.registry] 
New type domain.Conclave

[2026-05-11 18:10:10 #13 type] 
Type domain.Conclave is not enhanced.

[2026-05-11 18:10:10 #14 type.registry] 
New type domain.Papa

[2026-05-11 18:10:10 #15 type.registry] 
New type domain.Votacion

[2026-05-11 18:10:10 #16 type] 
Type domain.Papa is not enhanced.

[2026-05-11 18:10:10 #17 type] 
Type domain.Votacion is not enhanced.

[2026-05-11 18:10:10 #18 type.registry] 
New type java.util.HashMap<java.lang.String,java.lang.Integer>

[2026-05-11 18:10:10 #19 type.registry] 
New type java.util.ArrayList<domain.Cardenal>

[2026-05-11 18:10:10 #20 type.registry] 
New type java.util.ArrayList<domain.Votacion>

[2026-05-11 18:10:17 #21 type.registry] 
New type java.util.HashMap<java.lang.Object,java.lang.Object>

